Determining if the pthread_create exist failed with the following output:
Change Dir: /home/muhammad/Desktop/Dropbox/Research/PhD/Specsense/Intrusion_detection/Code/SpecSense/Spec_sense_sensor_files/1/build/CMakeFiles/CMakeTmp

Run Build Command:"/usr/bin/make" "cmTC_1f113/fast"
/usr/bin/make -f CMakeFiles/cmTC_1f113.dir/build.make CMakeFiles/cmTC_1f113.dir/build
make[1]: Entering directory '/home/muhammad/Desktop/Dropbox/Research/PhD/Specsense/Intrusion_detection/Code/SpecSense/Spec_sense_sensor_files/1/build/CMakeFiles/CMakeTmp'
Building CXX object CMakeFiles/cmTC_1f113.dir/CheckSymbolExists.cxx.o
/usr/bin/c++     -o CMakeFiles/cmTC_1f113.dir/CheckSymbolExists.cxx.o -c /home/muhammad/Desktop/Dropbox/Research/PhD/Specsense/Intrusion_detection/Code/SpecSense/Spec_sense_sensor_files/1/build/CMakeFiles/CMakeTmp/CheckSymbolExists.cxx
Linking CXX executable cmTC_1f113
/usr/bin/cmake -E cmake_link_script CMakeFiles/cmTC_1f113.dir/link.txt --verbose=1
/usr/bin/c++       -rdynamic CMakeFiles/cmTC_1f113.dir/CheckSymbolExists.cxx.o  -o cmTC_1f113 
CMakeFiles/cmTC_1f113.dir/CheckSymbolExists.cxx.o: In function `main':
CheckSymbolExists.cxx:(.text+0x1b): undefined reference to `pthread_create'
collect2: error: ld returned 1 exit status
CMakeFiles/cmTC_1f113.dir/build.make:97: recipe for target 'cmTC_1f113' failed
make[1]: *** [cmTC_1f113] Error 1
make[1]: Leaving directory '/home/muhammad/Desktop/Dropbox/Research/PhD/Specsense/Intrusion_detection/Code/SpecSense/Spec_sense_sensor_files/1/build/CMakeFiles/CMakeTmp'
Makefile:126: recipe for target 'cmTC_1f113/fast' failed
make: *** [cmTC_1f113/fast] Error 2

File /home/muhammad/Desktop/Dropbox/Research/PhD/Specsense/Intrusion_detection/Code/SpecSense/Spec_sense_sensor_files/1/build/CMakeFiles/CMakeTmp/CheckSymbolExists.cxx:
/* */
#include <pthread.h>

int main(int argc, char** argv)
{
  (void)argv;
#ifndef pthread_create
  return ((int*)(&pthread_create))[argc];
#else
  (void)argc;
  return 0;
#endif
}

Determining if the function pthread_create exists in the pthreads failed with the following output:
Change Dir: /home/muhammad/Desktop/Dropbox/Research/PhD/Specsense/Intrusion_detection/Code/SpecSense/Spec_sense_sensor_files/1/build/CMakeFiles/CMakeTmp

Run Build Command:"/usr/bin/make" "cmTC_89cc3/fast"
/usr/bin/make -f CMakeFiles/cmTC_89cc3.dir/build.make CMakeFiles/cmTC_89cc3.dir/build
make[1]: Entering directory '/home/muhammad/Desktop/Dropbox/Research/PhD/Specsense/Intrusion_detection/Code/SpecSense/Spec_sense_sensor_files/1/build/CMakeFiles/CMakeTmp'
Building CXX object CMakeFiles/cmTC_89cc3.dir/CheckFunctionExists.cxx.o
/usr/bin/c++    -DCHECK_FUNCTION_EXISTS=pthread_create   -o CMakeFiles/cmTC_89cc3.dir/CheckFunctionExists.cxx.o -c /home/muhammad/Desktop/Dropbox/Research/PhD/Specsense/Intrusion_detection/Code/SpecSense/Spec_sense_sensor_files/1/build/CMakeFiles/CheckLibraryExists/CheckFunctionExists.cxx
Linking CXX executable cmTC_89cc3
/usr/bin/cmake -E cmake_link_script CMakeFiles/cmTC_89cc3.dir/link.txt --verbose=1
/usr/bin/c++   -DCHECK_FUNCTION_EXISTS=pthread_create    -rdynamic CMakeFiles/cmTC_89cc3.dir/CheckFunctionExists.cxx.o  -o cmTC_89cc3 -lpthreads 
/usr/bin/x86_64-linux-gnu-ld: cannot find -lpthreads
collect2: error: ld returned 1 exit status
CMakeFiles/cmTC_89cc3.dir/build.make:97: recipe for target 'cmTC_89cc3' failed
make[1]: *** [cmTC_89cc3] Error 1
make[1]: Leaving directory '/home/muhammad/Desktop/Dropbox/Research/PhD/Specsense/Intrusion_detection/Code/SpecSense/Spec_sense_sensor_files/1/build/CMakeFiles/CMakeTmp'
Makefile:126: recipe for target 'cmTC_89cc3/fast' failed
make: *** [cmTC_89cc3/fast] Error 2


